{"C:\\Users\\Asus\\Documents\\Phase2\\ip-zhafran2\\server\\app.js": {"path":"C:\\Users\\Asus\\Documents\\Phase2\\ip-zhafran2\\server\\app.js","statementMap":{"0":{"start":{"line":1,"column":0},"end":{"line":3,"column":3}},"1":{"start":{"line":2,"column":4},"end":{"line":2,"column":30}},"2":{"start":{"line":5,"column":16},"end":{"line":5,"column":34}},"3":{"start":{"line":6,"column":12},"end":{"line":6,"column":21}},"4":{"start":{"line":8,"column":15},"end":{"line":8,"column":41}},"5":{"start":{"line":9,"column":13},"end":{"line":9,"column":28}},"6":{"start":{"line":10,"column":21},"end":{"line":10,"column":58}},"7":{"start":{"line":11,"column":0},"end":{"line":11,"column":15}},"8":{"start":{"line":12,"column":0},"end":{"line":12,"column":45}},"9":{"start":{"line":13,"column":0},"end":{"line":13,"column":23}},"10":{"start":{"line":14,"column":0},"end":{"line":16,"column":2}},"11":{"start":{"line":15,"column":4},"end":{"line":15,"column":51}},"12":{"start":{"line":18,"column":0},"end":{"line":18,"column":15}},"13":{"start":{"line":19,"column":0},"end":{"line":19,"column":21}},"14":{"start":{"line":22,"column":0},"end":{"line":22,"column":20}}},"fnMap":{"0":{"name":"(anonymous_0)","decl":{"start":{"line":14,"column":13},"end":{"line":14,"column":14}},"loc":{"start":{"line":14,"column":26},"end":{"line":16,"column":1}},"line":14}},"branchMap":{"0":{"loc":{"start":{"line":1,"column":0},"end":{"line":3,"column":3}},"type":"if","locations":[{"start":{"line":1,"column":0},"end":{"line":3,"column":3}},{"start":{},"end":{}}],"line":1}},"s":{"0":2,"1":2,"2":2,"3":2,"4":2,"5":2,"6":2,"7":2,"8":2,"9":2,"10":2,"11":0,"12":2,"13":2,"14":2},"f":{"0":0},"b":{"0":[2,0]},"_coverageSchema":"1a1c01bbd47fc00a2c39e90264f33305004495a9","hash":"77a3e8ae7ab35c923301586652beb3d8cfb15a3d"}
,"C:\\Users\\Asus\\Documents\\Phase2\\ip-zhafran2\\server\\controllers\\categorycontroller.js": {"path":"C:\\Users\\Asus\\Documents\\Phase2\\ip-zhafran2\\server\\controllers\\categorycontroller.js","statementMap":{"0":{"start":{"line":1,"column":19},"end":{"line":1,"column":39}},"1":{"start":{"line":5,"column":8},"end":{"line":10,"column":9}},"2":{"start":{"line":6,"column":25},"end":{"line":6,"column":49}},"3":{"start":{"line":7,"column":12},"end":{"line":7,"column":38}},"4":{"start":{"line":9,"column":12},"end":{"line":9,"column":23}},"5":{"start":{"line":14,"column":0},"end":{"line":14,"column":35}}},"fnMap":{"0":{"name":"(anonymous_0)","decl":{"start":{"line":4,"column":4},"end":{"line":4,"column":5}},"loc":{"start":{"line":4,"column":45},"end":{"line":11,"column":5}},"line":4}},"branchMap":{},"s":{"0":2,"1":0,"2":0,"3":0,"4":0,"5":2},"f":{"0":0},"b":{},"_coverageSchema":"1a1c01bbd47fc00a2c39e90264f33305004495a9","hash":"714c8a96572d48ecce0e29b781b2c510a82c261c"}
,"C:\\Users\\Asus\\Documents\\Phase2\\ip-zhafran2\\server\\controllers\\quizcontroller.js": {"path":"C:\\Users\\Asus\\Documents\\Phase2\\ip-zhafran2\\server\\controllers\\quizcontroller.js","statementMap":{"0":{"start":{"line":3,"column":18},"end":{"line":3,"column":38}},"1":{"start":{"line":4,"column":27},"end":{"line":4,"column":47}},"2":{"start":{"line":9,"column":8},"end":{"line":18,"column":9}},"3":{"start":{"line":10,"column":25},"end":{"line":10,"column":45}},"4":{"start":{"line":13,"column":12},"end":{"line":13,"column":38}},"5":{"start":{"line":17,"column":12},"end":{"line":17,"column":23}},"6":{"start":{"line":21,"column":8},"end":{"line":33,"column":9}},"7":{"start":{"line":22,"column":27},"end":{"line":22,"column":37}},"8":{"start":{"line":23,"column":25},"end":{"line":27,"column":14}},"9":{"start":{"line":30,"column":12},"end":{"line":30,"column":38}},"10":{"start":{"line":32,"column":12},"end":{"line":32,"column":23}},"11":{"start":{"line":36,"column":8},"end":{"line":42,"column":9}},"12":{"start":{"line":37,"column":86},"end":{"line":37,"column":94}},"13":{"start":{"line":38,"column":25},"end":{"line":38,"column":129}},"14":{"start":{"line":39,"column":12},"end":{"line":39,"column":38}},"15":{"start":{"line":41,"column":12},"end":{"line":41,"column":23}},"16":{"start":{"line":45,"column":8},"end":{"line":61,"column":9}},"17":{"start":{"line":46,"column":27},"end":{"line":46,"column":37}},"18":{"start":{"line":47,"column":86},"end":{"line":47,"column":94}},"19":{"start":{"line":48,"column":25},"end":{"line":52,"column":14}},"20":{"start":{"line":53,"column":12},"end":{"line":55,"column":13}},"21":{"start":{"line":54,"column":16},"end":{"line":54,"column":55}},"22":{"start":{"line":56,"column":12},"end":{"line":58,"column":14}},"23":{"start":{"line":60,"column":12},"end":{"line":60,"column":23}},"24":{"start":{"line":64,"column":8},"end":{"line":82,"column":9}},"25":{"start":{"line":65,"column":27},"end":{"line":65,"column":37}},"26":{"start":{"line":66,"column":25},"end":{"line":70,"column":14}},"27":{"start":{"line":73,"column":12},"end":{"line":76,"column":13}},"28":{"start":{"line":74,"column":16},"end":{"line":74,"column":42}},"29":{"start":{"line":77,"column":12},"end":{"line":79,"column":14}},"30":{"start":{"line":81,"column":12},"end":{"line":81,"column":23}},"31":{"start":{"line":85,"column":8},"end":{"line":117,"column":9}},"32":{"start":{"line":88,"column":48},"end":{"line":88,"column":56}},"33":{"start":{"line":89,"column":43},"end":{"line":89,"column":75}},"34":{"start":{"line":90,"column":26},"end":{"line":90,"column":76}},"35":{"start":{"line":91,"column":26},"end":{"line":91,"column":81}},"36":{"start":{"line":94,"column":27},"end":{"line":105,"column":96}},"37":{"start":{"line":107,"column":27},"end":{"line":107,"column":62}},"38":{"start":{"line":108,"column":23},"end":{"line":108,"column":45}},"39":{"start":{"line":109,"column":12},"end":{"line":109,"column":42}},"40":{"start":{"line":112,"column":12},"end":{"line":112,"column":38}},"41":{"start":{"line":116,"column":12},"end":{"line":116,"column":23}},"42":{"start":{"line":122,"column":0},"end":{"line":122,"column":31}}},"fnMap":{"0":{"name":"(anonymous_0)","decl":{"start":{"line":8,"column":4},"end":{"line":8,"column":5}},"loc":{"start":{"line":8,"column":49},"end":{"line":19,"column":5}},"line":8},"1":{"name":"(anonymous_1)","decl":{"start":{"line":20,"column":4},"end":{"line":20,"column":5}},"loc":{"start":{"line":20,"column":41},"end":{"line":34,"column":5}},"line":20},"2":{"name":"(anonymous_2)","decl":{"start":{"line":35,"column":4},"end":{"line":35,"column":5}},"loc":{"start":{"line":35,"column":49},"end":{"line":43,"column":5}},"line":35},"3":{"name":"(anonymous_3)","decl":{"start":{"line":44,"column":4},"end":{"line":44,"column":5}},"loc":{"start":{"line":44,"column":47},"end":{"line":62,"column":5}},"line":44},"4":{"name":"(anonymous_4)","decl":{"start":{"line":63,"column":4},"end":{"line":63,"column":5}},"loc":{"start":{"line":63,"column":49},"end":{"line":83,"column":5}},"line":63},"5":{"name":"(anonymous_5)","decl":{"start":{"line":84,"column":4},"end":{"line":84,"column":5}},"loc":{"start":{"line":84,"column":45},"end":{"line":118,"column":5}},"line":84}},"branchMap":{"0":{"loc":{"start":{"line":53,"column":12},"end":{"line":55,"column":13}},"type":"if","locations":[{"start":{"line":53,"column":12},"end":{"line":55,"column":13}},{"start":{},"end":{}}],"line":53},"1":{"loc":{"start":{"line":73,"column":12},"end":{"line":76,"column":13}},"type":"if","locations":[{"start":{"line":73,"column":12},"end":{"line":76,"column":13}},{"start":{},"end":{}}],"line":73}},"s":{"0":2,"1":2,"2":1,"3":1,"4":1,"5":0,"6":0,"7":0,"8":0,"9":0,"10":0,"11":2,"12":2,"13":2,"14":1,"15":1,"16":1,"17":1,"18":1,"19":1,"20":1,"21":0,"22":1,"23":0,"24":0,"25":0,"26":0,"27":0,"28":0,"29":0,"30":0,"31":0,"32":0,"33":0,"34":0,"35":0,"36":0,"37":0,"38":0,"39":0,"40":0,"41":0,"42":2},"f":{"0":1,"1":0,"2":2,"3":1,"4":0,"5":0},"b":{"0":[0,1],"1":[0,0]},"_coverageSchema":"1a1c01bbd47fc00a2c39e90264f33305004495a9","hash":"c78c07fff99e89650d2aa7574ba4feba459e1feb"}
,"C:\\Users\\Asus\\Documents\\Phase2\\ip-zhafran2\\server\\controllers\\usercontroller.js": {"path":"C:\\Users\\Asus\\Documents\\Phase2\\ip-zhafran2\\server\\controllers\\usercontroller.js","statementMap":{"0":{"start":{"line":1,"column":25},"end":{"line":1,"column":55}},"1":{"start":{"line":2,"column":24},"end":{"line":2,"column":52}},"2":{"start":{"line":3,"column":35},"end":{"line":3,"column":60}},"3":{"start":{"line":4,"column":17},"end":{"line":4,"column":37}},"4":{"start":{"line":10,"column":8},"end":{"line":16,"column":9}},"5":{"start":{"line":11,"column":50},"end":{"line":11,"column":58}},"6":{"start":{"line":12,"column":25},"end":{"line":12,"column":73}},"7":{"start":{"line":13,"column":12},"end":{"line":13,"column":38}},"8":{"start":{"line":15,"column":12},"end":{"line":15,"column":23}},"9":{"start":{"line":20,"column":8},"end":{"line":48,"column":9}},"10":{"start":{"line":21,"column":40},"end":{"line":21,"column":48}},"11":{"start":{"line":22,"column":12},"end":{"line":24,"column":13}},"12":{"start":{"line":23,"column":16},"end":{"line":23,"column":47}},"13":{"start":{"line":26,"column":12},"end":{"line":28,"column":13}},"14":{"start":{"line":27,"column":16},"end":{"line":27,"column":50}},"15":{"start":{"line":30,"column":25},"end":{"line":34,"column":14}},"16":{"start":{"line":36,"column":12},"end":{"line":38,"column":13}},"17":{"start":{"line":37,"column":16},"end":{"line":37,"column":49}},"18":{"start":{"line":40,"column":33},"end":{"line":40,"column":69}},"19":{"start":{"line":41,"column":12},"end":{"line":43,"column":13}},"20":{"start":{"line":42,"column":16},"end":{"line":42,"column":49}},"21":{"start":{"line":44,"column":33},"end":{"line":44,"column":59}},"22":{"start":{"line":45,"column":12},"end":{"line":45,"column":50}},"23":{"start":{"line":47,"column":12},"end":{"line":47,"column":23}},"24":{"start":{"line":51,"column":8},"end":{"line":86,"column":9}},"25":{"start":{"line":52,"column":37},"end":{"line":52,"column":48}},"26":{"start":{"line":53,"column":27},"end":{"line":53,"column":45}},"27":{"start":{"line":55,"column":27},"end":{"line":58,"column":14}},"28":{"start":{"line":60,"column":28},"end":{"line":60,"column":47}},"29":{"start":{"line":61,"column":26},"end":{"line":61,"column":39}},"30":{"start":{"line":62,"column":25},"end":{"line":62,"column":37}},"31":{"start":{"line":64,"column":23},"end":{"line":68,"column":14}},"32":{"start":{"line":69,"column":12},"end":{"line":81,"column":13}},"33":{"start":{"line":70,"column":16},"end":{"line":75,"column":18}},"34":{"start":{"line":77,"column":16},"end":{"line":79,"column":17}},"35":{"start":{"line":78,"column":20},"end":{"line":78,"column":50}},"36":{"start":{"line":82,"column":33},"end":{"line":82,"column":59}},"37":{"start":{"line":83,"column":12},"end":{"line":83,"column":50}},"38":{"start":{"line":85,"column":12},"end":{"line":85,"column":23}},"39":{"start":{"line":91,"column":0},"end":{"line":91,"column":31}}},"fnMap":{"0":{"name":"(anonymous_0)","decl":{"start":{"line":9,"column":4},"end":{"line":9,"column":5}},"loc":{"start":{"line":9,"column":42},"end":{"line":17,"column":5}},"line":9},"1":{"name":"(anonymous_1)","decl":{"start":{"line":19,"column":4},"end":{"line":19,"column":5}},"loc":{"start":{"line":19,"column":39},"end":{"line":49,"column":5}},"line":19},"2":{"name":"(anonymous_2)","decl":{"start":{"line":50,"column":4},"end":{"line":50,"column":5}},"loc":{"start":{"line":50,"column":45},"end":{"line":87,"column":5}},"line":50}},"branchMap":{"0":{"loc":{"start":{"line":22,"column":12},"end":{"line":24,"column":13}},"type":"if","locations":[{"start":{"line":22,"column":12},"end":{"line":24,"column":13}},{"start":{},"end":{}}],"line":22},"1":{"loc":{"start":{"line":26,"column":12},"end":{"line":28,"column":13}},"type":"if","locations":[{"start":{"line":26,"column":12},"end":{"line":28,"column":13}},{"start":{},"end":{}}],"line":26},"2":{"loc":{"start":{"line":36,"column":12},"end":{"line":38,"column":13}},"type":"if","locations":[{"start":{"line":36,"column":12},"end":{"line":38,"column":13}},{"start":{},"end":{}}],"line":36},"3":{"loc":{"start":{"line":41,"column":12},"end":{"line":43,"column":13}},"type":"if","locations":[{"start":{"line":41,"column":12},"end":{"line":43,"column":13}},{"start":{},"end":{}}],"line":41},"4":{"loc":{"start":{"line":69,"column":12},"end":{"line":81,"column":13}},"type":"if","locations":[{"start":{"line":69,"column":12},"end":{"line":81,"column":13}},{"start":{"line":76,"column":19},"end":{"line":81,"column":13}}],"line":69},"5":{"loc":{"start":{"line":77,"column":16},"end":{"line":79,"column":17}},"type":"if","locations":[{"start":{"line":77,"column":16},"end":{"line":79,"column":17}},{"start":{},"end":{}}],"line":77}},"s":{"0":2,"1":2,"2":2,"3":2,"4":3,"5":3,"6":3,"7":1,"8":2,"9":5,"10":5,"11":5,"12":1,"13":4,"14":1,"15":3,"16":3,"17":1,"18":2,"19":2,"20":1,"21":1,"22":1,"23":4,"24":0,"25":0,"26":0,"27":0,"28":0,"29":0,"30":0,"31":0,"32":0,"33":0,"34":0,"35":0,"36":0,"37":0,"38":0,"39":2},"f":{"0":3,"1":5,"2":0},"b":{"0":[1,4],"1":[1,3],"2":[1,2],"3":[1,1],"4":[0,0],"5":[0,0]},"_coverageSchema":"1a1c01bbd47fc00a2c39e90264f33305004495a9","hash":"45b8740da0ae840a1e857ef401f2d02a98f2bd61"}
,"C:\\Users\\Asus\\Documents\\Phase2\\ip-zhafran2\\server\\helpers\\bcrypt.js": {"path":"C:\\Users\\Asus\\Documents\\Phase2\\ip-zhafran2\\server\\helpers\\bcrypt.js","statementMap":{"0":{"start":{"line":1,"column":15},"end":{"line":1,"column":34}},"1":{"start":{"line":6,"column":17},"end":{"line":6,"column":37}},"2":{"start":{"line":7,"column":4},"end":{"line":7,"column":42}},"3":{"start":{"line":11,"column":4},"end":{"line":11,"column":55}},"4":{"start":{"line":15,"column":0},"end":{"line":15,"column":42}}},"fnMap":{"0":{"name":"HashPass","decl":{"start":{"line":5,"column":9},"end":{"line":5,"column":17}},"loc":{"start":{"line":5,"column":28},"end":{"line":8,"column":1}},"line":5},"1":{"name":"ComparePass","decl":{"start":{"line":10,"column":9},"end":{"line":10,"column":20}},"loc":{"start":{"line":10,"column":47},"end":{"line":12,"column":1}},"line":10}},"branchMap":{},"s":{"0":2,"1":3,"2":3,"3":2,"4":2},"f":{"0":3,"1":2},"b":{},"_coverageSchema":"1a1c01bbd47fc00a2c39e90264f33305004495a9","hash":"a8900261985184dd902d281e79157cb99046f63c"}
,"C:\\Users\\Asus\\Documents\\Phase2\\ip-zhafran2\\server\\helpers\\jwt.js": {"path":"C:\\Users\\Asus\\Documents\\Phase2\\ip-zhafran2\\server\\helpers\\jwt.js","statementMap":{"0":{"start":{"line":1,"column":12},"end":{"line":1,"column":35}},"1":{"start":{"line":3,"column":15},"end":{"line":3,"column":33}},"2":{"start":{"line":7,"column":0},"end":{"line":7,"column":31}},"3":{"start":{"line":12,"column":4},"end":{"line":12,"column":35}},"4":{"start":{"line":16,"column":0},"end":{"line":16,"column":40}}},"fnMap":{"0":{"name":"SignToken","decl":{"start":{"line":6,"column":9},"end":{"line":6,"column":18}},"loc":{"start":{"line":6,"column":28},"end":{"line":8,"column":1}},"line":6},"1":{"name":"VerifyToken","decl":{"start":{"line":11,"column":9},"end":{"line":11,"column":20}},"loc":{"start":{"line":11,"column":28},"end":{"line":13,"column":1}},"line":11}},"branchMap":{},"s":{"0":2,"1":2,"2":2,"3":9,"4":2},"f":{"0":2,"1":9},"b":{},"_coverageSchema":"1a1c01bbd47fc00a2c39e90264f33305004495a9","hash":"19274f503a08d40a807647318e74baacf2cf5b88"}
,"C:\\Users\\Asus\\Documents\\Phase2\\ip-zhafran2\\server\\middlewares\\authentication.js": {"path":"C:\\Users\\Asus\\Documents\\Phase2\\ip-zhafran2\\server\\middlewares\\authentication.js","statementMap":{"0":{"start":{"line":1,"column":24},"end":{"line":1,"column":49}},"1":{"start":{"line":2,"column":17},"end":{"line":2,"column":37}},"2":{"start":{"line":6,"column":4},"end":{"line":22,"column":5}},"3":{"start":{"line":7,"column":28},"end":{"line":7,"column":53}},"4":{"start":{"line":8,"column":8},"end":{"line":10,"column":9}},"5":{"start":{"line":9,"column":12},"end":{"line":9,"column":42}},"6":{"start":{"line":11,"column":22},"end":{"line":11,"column":47}},"7":{"start":{"line":12,"column":24},"end":{"line":12,"column":42}},"8":{"start":{"line":13,"column":21},"end":{"line":13,"column":52}},"9":{"start":{"line":15,"column":8},"end":{"line":17,"column":9}},"10":{"start":{"line":16,"column":12},"end":{"line":16,"column":42}},"11":{"start":{"line":18,"column":8},"end":{"line":18,"column":34}},"12":{"start":{"line":19,"column":8},"end":{"line":19,"column":14}},"13":{"start":{"line":21,"column":8},"end":{"line":21,"column":19}},"14":{"start":{"line":26,"column":0},"end":{"line":26,"column":31}}},"fnMap":{"0":{"name":"Authentication","decl":{"start":{"line":5,"column":15},"end":{"line":5,"column":29}},"loc":{"start":{"line":5,"column":46},"end":{"line":23,"column":1}},"line":5}},"branchMap":{"0":{"loc":{"start":{"line":8,"column":8},"end":{"line":10,"column":9}},"type":"if","locations":[{"start":{"line":8,"column":8},"end":{"line":10,"column":9}},{"start":{},"end":{}}],"line":8},"1":{"loc":{"start":{"line":15,"column":8},"end":{"line":17,"column":9}},"type":"if","locations":[{"start":{"line":15,"column":8},"end":{"line":17,"column":9}},{"start":{},"end":{}}],"line":15}},"s":{"0":2,"1":2,"2":11,"3":11,"4":11,"5":2,"6":9,"7":9,"8":5,"9":5,"10":0,"11":5,"12":5,"13":6,"14":2},"f":{"0":11},"b":{"0":[2,9],"1":[0,5]},"_coverageSchema":"1a1c01bbd47fc00a2c39e90264f33305004495a9","hash":"cbdf3f0aa56ba6c0a4ce263b480bb6ee5070e036"}
,"C:\\Users\\Asus\\Documents\\Phase2\\ip-zhafran2\\server\\middlewares\\authorization.js": {"path":"C:\\Users\\Asus\\Documents\\Phase2\\ip-zhafran2\\server\\middlewares\\authorization.js","statementMap":{"0":{"start":{"line":1,"column":15},"end":{"line":1,"column":35}},"1":{"start":{"line":4,"column":4},"end":{"line":16,"column":5}},"2":{"start":{"line":5,"column":21},"end":{"line":5,"column":31}},"3":{"start":{"line":6,"column":21},"end":{"line":6,"column":44}},"4":{"start":{"line":7,"column":8},"end":{"line":9,"column":9}},"5":{"start":{"line":8,"column":12},"end":{"line":8,"column":36}},"6":{"start":{"line":10,"column":8},"end":{"line":12,"column":9}},"7":{"start":{"line":11,"column":12},"end":{"line":11,"column":37}},"8":{"start":{"line":13,"column":8},"end":{"line":13,"column":14}},"9":{"start":{"line":15,"column":8},"end":{"line":15,"column":19}},"10":{"start":{"line":20,"column":0},"end":{"line":20,"column":30}}},"fnMap":{"0":{"name":"Authorization","decl":{"start":{"line":3,"column":15},"end":{"line":3,"column":28}},"loc":{"start":{"line":3,"column":43},"end":{"line":17,"column":1}},"line":3}},"branchMap":{"0":{"loc":{"start":{"line":7,"column":8},"end":{"line":9,"column":9}},"type":"if","locations":[{"start":{"line":7,"column":8},"end":{"line":9,"column":9}},{"start":{},"end":{}}],"line":7},"1":{"loc":{"start":{"line":10,"column":8},"end":{"line":12,"column":9}},"type":"if","locations":[{"start":{"line":10,"column":8},"end":{"line":12,"column":9}},{"start":{},"end":{}}],"line":10}},"s":{"0":2,"1":2,"2":2,"3":2,"4":2,"5":1,"6":1,"7":0,"8":1,"9":1,"10":2},"f":{"0":2},"b":{"0":[1,1],"1":[0,1]},"_coverageSchema":"1a1c01bbd47fc00a2c39e90264f33305004495a9","hash":"03205421e4aff6a96619f651fe1e1284429d5a59"}
,"C:\\Users\\Asus\\Documents\\Phase2\\ip-zhafran2\\server\\middlewares\\errorhandler.js": {"path":"C:\\Users\\Asus\\Documents\\Phase2\\ip-zhafran2\\server\\middlewares\\errorhandler.js","statementMap":{"0":{"start":{"line":4,"column":13},"end":{"line":4,"column":16}},"1":{"start":{"line":5,"column":14},"end":{"line":5,"column":37}},"2":{"start":{"line":7,"column":0},"end":{"line":36,"column":1}},"3":{"start":{"line":8,"column":4},"end":{"line":8,"column":16}},"4":{"start":{"line":9,"column":4},"end":{"line":9,"column":33}},"5":{"start":{"line":10,"column":7},"end":{"line":36,"column":1}},"6":{"start":{"line":11,"column":4},"end":{"line":11,"column":16}},"7":{"start":{"line":12,"column":4},"end":{"line":12,"column":36}},"8":{"start":{"line":13,"column":7},"end":{"line":36,"column":1}},"9":{"start":{"line":14,"column":4},"end":{"line":14,"column":16}},"10":{"start":{"line":15,"column":4},"end":{"line":15,"column":44}},"11":{"start":{"line":17,"column":5},"end":{"line":36,"column":1}},"12":{"start":{"line":18,"column":4},"end":{"line":18,"column":16}},"13":{"start":{"line":19,"column":4},"end":{"line":19,"column":37}},"14":{"start":{"line":21,"column":5},"end":{"line":36,"column":1}},"15":{"start":{"line":22,"column":4},"end":{"line":22,"column":16}},"16":{"start":{"line":23,"column":4},"end":{"line":23,"column":37}},"17":{"start":{"line":25,"column":5},"end":{"line":36,"column":1}},"18":{"start":{"line":26,"column":4},"end":{"line":26,"column":16}},"19":{"start":{"line":27,"column":4},"end":{"line":27,"column":29}},"20":{"start":{"line":29,"column":5},"end":{"line":36,"column":1}},"21":{"start":{"line":30,"column":4},"end":{"line":30,"column":16}},"22":{"start":{"line":31,"column":4},"end":{"line":31,"column":56}},"23":{"start":{"line":33,"column":5},"end":{"line":36,"column":1}},"24":{"start":{"line":34,"column":4},"end":{"line":34,"column":16}},"25":{"start":{"line":35,"column":4},"end":{"line":35,"column":41}},"26":{"start":{"line":37,"column":0},"end":{"line":39,"column":2}},"27":{"start":{"line":43,"column":0},"end":{"line":43,"column":29}}},"fnMap":{"0":{"name":"errorHandler","decl":{"start":{"line":3,"column":9},"end":{"line":3,"column":21}},"loc":{"start":{"line":3,"column":42},"end":{"line":40,"column":1}},"line":3}},"branchMap":{"0":{"loc":{"start":{"line":7,"column":0},"end":{"line":36,"column":1}},"type":"if","locations":[{"start":{"line":7,"column":0},"end":{"line":36,"column":1}},{"start":{"line":10,"column":7},"end":{"line":36,"column":1}}],"line":7},"1":{"loc":{"start":{"line":10,"column":7},"end":{"line":36,"column":1}},"type":"if","locations":[{"start":{"line":10,"column":7},"end":{"line":36,"column":1}},{"start":{"line":13,"column":7},"end":{"line":36,"column":1}}],"line":10},"2":{"loc":{"start":{"line":13,"column":7},"end":{"line":36,"column":1}},"type":"if","locations":[{"start":{"line":13,"column":7},"end":{"line":36,"column":1}},{"start":{"line":17,"column":5},"end":{"line":36,"column":1}}],"line":13},"3":{"loc":{"start":{"line":17,"column":5},"end":{"line":36,"column":1}},"type":"if","locations":[{"start":{"line":17,"column":5},"end":{"line":36,"column":1}},{"start":{"line":21,"column":5},"end":{"line":36,"column":1}}],"line":17},"4":{"loc":{"start":{"line":17,"column":9},"end":{"line":17,"column":101}},"type":"binary-expr","locations":[{"start":{"line":17,"column":9},"end":{"line":17,"column":50}},{"start":{"line":17,"column":54},"end":{"line":17,"column":101}}],"line":17},"5":{"loc":{"start":{"line":21,"column":5},"end":{"line":36,"column":1}},"type":"if","locations":[{"start":{"line":21,"column":5},"end":{"line":36,"column":1}},{"start":{"line":25,"column":5},"end":{"line":36,"column":1}}],"line":21},"6":{"loc":{"start":{"line":25,"column":5},"end":{"line":36,"column":1}},"type":"if","locations":[{"start":{"line":25,"column":5},"end":{"line":36,"column":1}},{"start":{"line":29,"column":5},"end":{"line":36,"column":1}}],"line":25},"7":{"loc":{"start":{"line":25,"column":9},"end":{"line":25,"column":76}},"type":"binary-expr","locations":[{"start":{"line":25,"column":9},"end":{"line":25,"column":38}},{"start":{"line":25,"column":42},"end":{"line":25,"column":76}}],"line":25},"8":{"loc":{"start":{"line":29,"column":5},"end":{"line":36,"column":1}},"type":"if","locations":[{"start":{"line":29,"column":5},"end":{"line":36,"column":1}},{"start":{"line":33,"column":5},"end":{"line":36,"column":1}}],"line":29},"9":{"loc":{"start":{"line":33,"column":5},"end":{"line":36,"column":1}},"type":"if","locations":[{"start":{"line":33,"column":5},"end":{"line":36,"column":1}},{"start":{},"end":{}}],"line":33}},"s":{"0":14,"1":14,"2":14,"3":1,"4":1,"5":13,"6":1,"7":1,"8":12,"9":2,"10":2,"11":10,"12":3,"13":3,"14":7,"15":0,"16":0,"17":7,"18":6,"19":6,"20":1,"21":0,"22":0,"23":1,"24":1,"25":1,"26":14,"27":2},"f":{"0":14},"b":{"0":[1,13],"1":[1,12],"2":[2,10],"3":[3,7],"4":[10,7],"5":[0,7],"6":[6,1],"7":[7,5],"8":[0,1],"9":[1,0]},"_coverageSchema":"1a1c01bbd47fc00a2c39e90264f33305004495a9","hash":"e67e70f502bc0a0d6816b3ff77bf3f68bab91007"}
,"C:\\Users\\Asus\\Documents\\Phase2\\ip-zhafran2\\server\\models\\category.js": {"path":"C:\\Users\\Asus\\Documents\\Phase2\\ip-zhafran2\\server\\models\\category.js","statementMap":{"0":{"start":{"line":4,"column":4},"end":{"line":4,"column":24}},"1":{"start":{"line":5,"column":0},"end":{"line":24,"column":2}},"2":{"start":{"line":14,"column":6},"end":{"line":14,"column":64}},"3":{"start":{"line":17,"column":2},"end":{"line":22,"column":5}},"4":{"start":{"line":23,"column":2},"end":{"line":23,"column":18}}},"fnMap":{"0":{"name":"(anonymous_0)","decl":{"start":{"line":5,"column":17},"end":{"line":5,"column":18}},"loc":{"start":{"line":5,"column":43},"end":{"line":24,"column":1}},"line":5},"1":{"name":"(anonymous_1)","decl":{"start":{"line":12,"column":4},"end":{"line":12,"column":5}},"loc":{"start":{"line":12,"column":29},"end":{"line":15,"column":5}},"line":12}},"branchMap":{},"s":{"0":2,"1":2,"2":2,"3":2,"4":2},"f":{"0":2,"1":2},"b":{},"_coverageSchema":"1a1c01bbd47fc00a2c39e90264f33305004495a9","hash":"8456c14b5b3afaa3cab31237c9a375737b69eb51"}
,"C:\\Users\\Asus\\Documents\\Phase2\\ip-zhafran2\\server\\models\\index.js": {"path":"C:\\Users\\Asus\\Documents\\Phase2\\ip-zhafran2\\server\\models\\index.js","statementMap":{"0":{"start":{"line":3,"column":11},"end":{"line":3,"column":24}},"1":{"start":{"line":4,"column":13},"end":{"line":4,"column":28}},"2":{"start":{"line":5,"column":18},"end":{"line":5,"column":38}},"3":{"start":{"line":6,"column":16},"end":{"line":6,"column":34}},"4":{"start":{"line":7,"column":17},"end":{"line":7,"column":42}},"5":{"start":{"line":8,"column":12},"end":{"line":8,"column":49}},"6":{"start":{"line":9,"column":15},"end":{"line":9,"column":65}},"7":{"start":{"line":10,"column":11},"end":{"line":10,"column":13}},"8":{"start":{"line":13,"column":0},"end":{"line":17,"column":1}},"9":{"start":{"line":14,"column":2},"end":{"line":14,"column":74}},"10":{"start":{"line":16,"column":2},"end":{"line":16,"column":87}},"11":{"start":{"line":19,"column":0},"end":{"line":32,"column":5}},"12":{"start":{"line":22,"column":4},"end":{"line":27,"column":6}},"13":{"start":{"line":30,"column":18},"end":{"line":30,"column":85}},"14":{"start":{"line":31,"column":4},"end":{"line":31,"column":27}},"15":{"start":{"line":34,"column":0},"end":{"line":38,"column":3}},"16":{"start":{"line":35,"column":2},"end":{"line":37,"column":3}},"17":{"start":{"line":36,"column":4},"end":{"line":36,"column":32}},"18":{"start":{"line":40,"column":0},"end":{"line":40,"column":25}},"19":{"start":{"line":41,"column":0},"end":{"line":41,"column":25}},"20":{"start":{"line":43,"column":0},"end":{"line":43,"column":20}}},"fnMap":{"0":{"name":"(anonymous_0)","decl":{"start":{"line":21,"column":10},"end":{"line":21,"column":11}},"loc":{"start":{"line":21,"column":18},"end":{"line":28,"column":3}},"line":21},"1":{"name":"(anonymous_1)","decl":{"start":{"line":29,"column":11},"end":{"line":29,"column":12}},"loc":{"start":{"line":29,"column":19},"end":{"line":32,"column":3}},"line":29},"2":{"name":"(anonymous_2)","decl":{"start":{"line":34,"column":24},"end":{"line":34,"column":25}},"loc":{"start":{"line":34,"column":37},"end":{"line":38,"column":1}},"line":34}},"branchMap":{"0":{"loc":{"start":{"line":8,"column":12},"end":{"line":8,"column":49}},"type":"binary-expr","locations":[{"start":{"line":8,"column":12},"end":{"line":8,"column":32}},{"start":{"line":8,"column":36},"end":{"line":8,"column":49}}],"line":8},"1":{"loc":{"start":{"line":13,"column":0},"end":{"line":17,"column":1}},"type":"if","locations":[{"start":{"line":13,"column":0},"end":{"line":17,"column":1}},{"start":{"line":15,"column":7},"end":{"line":17,"column":1}}],"line":13},"2":{"loc":{"start":{"line":23,"column":6},"end":{"line":26,"column":37}},"type":"binary-expr","locations":[{"start":{"line":23,"column":6},"end":{"line":23,"column":29}},{"start":{"line":24,"column":6},"end":{"line":24,"column":23}},{"start":{"line":25,"column":6},"end":{"line":25,"column":30}},{"start":{"line":26,"column":6},"end":{"line":26,"column":37}}],"line":23},"3":{"loc":{"start":{"line":35,"column":2},"end":{"line":37,"column":3}},"type":"if","locations":[{"start":{"line":35,"column":2},"end":{"line":37,"column":3}},{"start":{},"end":{}}],"line":35}},"s":{"0":2,"1":2,"2":2,"3":2,"4":2,"5":2,"6":2,"7":2,"8":2,"9":0,"10":2,"11":2,"12":8,"13":6,"14":6,"15":2,"16":6,"17":6,"18":2,"19":2,"20":2},"f":{"0":8,"1":6,"2":6},"b":{"0":[2,0],"1":[0,2],"2":[8,8,6,6],"3":[6,0]},"_coverageSchema":"1a1c01bbd47fc00a2c39e90264f33305004495a9","hash":"5ce3217f240450790777bf7e0491eb70bc6f65b5"}
,"C:\\Users\\Asus\\Documents\\Phase2\\ip-zhafran2\\server\\models\\quiz.js": {"path":"C:\\Users\\Asus\\Documents\\Phase2\\ip-zhafran2\\server\\models\\quiz.js","statementMap":{"0":{"start":{"line":4,"column":4},"end":{"line":4,"column":24}},"1":{"start":{"line":5,"column":0},"end":{"line":54,"column":2}},"2":{"start":{"line":14,"column":6},"end":{"line":14,"column":59}},"3":{"start":{"line":15,"column":6},"end":{"line":15,"column":67}},"4":{"start":{"line":18,"column":2},"end":{"line":52,"column":5}},"5":{"start":{"line":53,"column":2},"end":{"line":53,"column":14}}},"fnMap":{"0":{"name":"(anonymous_0)","decl":{"start":{"line":5,"column":17},"end":{"line":5,"column":18}},"loc":{"start":{"line":5,"column":43},"end":{"line":54,"column":1}},"line":5},"1":{"name":"(anonymous_1)","decl":{"start":{"line":12,"column":4},"end":{"line":12,"column":5}},"loc":{"start":{"line":12,"column":29},"end":{"line":16,"column":5}},"line":12}},"branchMap":{},"s":{"0":2,"1":2,"2":2,"3":2,"4":2,"5":2},"f":{"0":2,"1":2},"b":{},"_coverageSchema":"1a1c01bbd47fc00a2c39e90264f33305004495a9","hash":"6061f3addc84e60a95a3a7cd6b097cb134651636"}
,"C:\\Users\\Asus\\Documents\\Phase2\\ip-zhafran2\\server\\models\\user.js": {"path":"C:\\Users\\Asus\\Documents\\Phase2\\ip-zhafran2\\server\\models\\user.js","statementMap":{"0":{"start":{"line":4,"column":4},"end":{"line":4,"column":24}},"1":{"start":{"line":5,"column":21},"end":{"line":5,"column":49}},"2":{"start":{"line":6,"column":0},"end":{"line":54,"column":2}},"3":{"start":{"line":15,"column":6},"end":{"line":15,"column":53}},"4":{"start":{"line":18,"column":2},"end":{"line":52,"column":5}},"5":{"start":{"line":48,"column":8},"end":{"line":48,"column":47}},"6":{"start":{"line":53,"column":2},"end":{"line":53,"column":14}}},"fnMap":{"0":{"name":"(anonymous_0)","decl":{"start":{"line":6,"column":17},"end":{"line":6,"column":18}},"loc":{"start":{"line":6,"column":43},"end":{"line":54,"column":1}},"line":6},"1":{"name":"(anonymous_1)","decl":{"start":{"line":13,"column":4},"end":{"line":13,"column":5}},"loc":{"start":{"line":13,"column":29},"end":{"line":16,"column":5}},"line":13},"2":{"name":"(anonymous_2)","decl":{"start":{"line":47,"column":6},"end":{"line":47,"column":7}},"loc":{"start":{"line":47,"column":25},"end":{"line":49,"column":7}},"line":47}},"branchMap":{},"s":{"0":2,"1":2,"2":2,"3":2,"4":2,"5":1,"6":2},"f":{"0":2,"1":2,"2":1},"b":{},"_coverageSchema":"1a1c01bbd47fc00a2c39e90264f33305004495a9","hash":"661eb6183eb386e92fac236ef15a801a1534b2dc"}
,"C:\\Users\\Asus\\Documents\\Phase2\\ip-zhafran2\\server\\routers\\category.js": {"path":"C:\\Users\\Asus\\Documents\\Phase2\\ip-zhafran2\\server\\routers\\category.js","statementMap":{"0":{"start":{"line":1,"column":16},"end":{"line":1,"column":34}},"1":{"start":{"line":2,"column":27},"end":{"line":2,"column":71}},"2":{"start":{"line":3,"column":15},"end":{"line":3,"column":31}},"3":{"start":{"line":5,"column":0},"end":{"line":5,"column":48}},"4":{"start":{"line":9,"column":0},"end":{"line":9,"column":23}}},"fnMap":{},"branchMap":{},"s":{"0":2,"1":2,"2":2,"3":2,"4":2},"f":{},"b":{},"_coverageSchema":"1a1c01bbd47fc00a2c39e90264f33305004495a9","hash":"8571f78eddb98a220d33a124e391a8385b57c343"}
,"C:\\Users\\Asus\\Documents\\Phase2\\ip-zhafran2\\server\\routers\\index.js": {"path":"C:\\Users\\Asus\\Documents\\Phase2\\ip-zhafran2\\server\\routers\\index.js","statementMap":{"0":{"start":{"line":1,"column":16},"end":{"line":1,"column":34}},"1":{"start":{"line":2,"column":23},"end":{"line":2,"column":63}},"2":{"start":{"line":4,"column":15},"end":{"line":4,"column":31}},"3":{"start":{"line":6,"column":0},"end":{"line":6,"column":33}},"4":{"start":{"line":7,"column":0},"end":{"line":7,"column":26}},"5":{"start":{"line":8,"column":0},"end":{"line":8,"column":37}},"6":{"start":{"line":9,"column":0},"end":{"line":9,"column":47}},"7":{"start":{"line":11,"column":0},"end":{"line":11,"column":23}}},"fnMap":{},"branchMap":{},"s":{"0":2,"1":2,"2":2,"3":2,"4":2,"5":2,"6":2,"7":2},"f":{},"b":{},"_coverageSchema":"1a1c01bbd47fc00a2c39e90264f33305004495a9","hash":"2417b1be7eddc98e9fae8e3a9e40a7c9bb69eebf"}
,"C:\\Users\\Asus\\Documents\\Phase2\\ip-zhafran2\\server\\routers\\quiz.js": {"path":"C:\\Users\\Asus\\Documents\\Phase2\\ip-zhafran2\\server\\routers\\quiz.js","statementMap":{"0":{"start":{"line":4,"column":16},"end":{"line":4,"column":34}},"1":{"start":{"line":5,"column":23},"end":{"line":5,"column":63}},"2":{"start":{"line":6,"column":22},"end":{"line":6,"column":61}},"3":{"start":{"line":7,"column":15},"end":{"line":7,"column":31}},"4":{"start":{"line":9,"column":0},"end":{"line":9,"column":46}},"5":{"start":{"line":10,"column":0},"end":{"line":10,"column":47}},"6":{"start":{"line":11,"column":0},"end":{"line":11,"column":50}},"7":{"start":{"line":12,"column":0},"end":{"line":12,"column":41}},"8":{"start":{"line":13,"column":0},"end":{"line":13,"column":62}},"9":{"start":{"line":14,"column":0},"end":{"line":14,"column":67}},"10":{"start":{"line":16,"column":0},"end":{"line":16,"column":22}}},"fnMap":{},"branchMap":{},"s":{"0":2,"1":2,"2":2,"3":2,"4":2,"5":2,"6":2,"7":2,"8":2,"9":2,"10":2},"f":{},"b":{},"_coverageSchema":"1a1c01bbd47fc00a2c39e90264f33305004495a9","hash":"3dad47d5bbde648417bdea1d35c02ef2be2f0cea"}
,"C:\\Users\\Asus\\Documents\\Phase2\\ip-zhafran2\\server\\routers\\user.js": {"path":"C:\\Users\\Asus\\Documents\\Phase2\\ip-zhafran2\\server\\routers\\user.js","statementMap":{"0":{"start":{"line":3,"column":16},"end":{"line":3,"column":34}},"1":{"start":{"line":4,"column":23},"end":{"line":4,"column":63}},"2":{"start":{"line":6,"column":15},"end":{"line":6,"column":31}},"3":{"start":{"line":8,"column":0},"end":{"line":8,"column":48}},"4":{"start":{"line":9,"column":0},"end":{"line":9,"column":43}},"5":{"start":{"line":10,"column":0},"end":{"line":10,"column":55}},"6":{"start":{"line":11,"column":0},"end":{"line":11,"column":23}}},"fnMap":{},"branchMap":{},"s":{"0":2,"1":2,"2":2,"3":2,"4":2,"5":2,"6":2},"f":{},"b":{},"_coverageSchema":"1a1c01bbd47fc00a2c39e90264f33305004495a9","hash":"ea527874241d1387ed28bc5fae6af69188345745"}
}
