TN:
SF:app.js
FN:14,(anonymous_0)
FNF:1
FNH:0
FNDA:0,(anonymous_0)
DA:1,2
DA:2,2
DA:5,2
DA:6,2
DA:8,2
DA:9,2
DA:10,2
DA:11,2
DA:12,2
DA:13,2
DA:14,2
DA:15,0
DA:18,2
DA:19,2
DA:22,2
LF:15
LH:14
BRDA:1,0,0,2
BRDA:1,0,1,0
BRF:2
BRH:1
end_of_record
TN:
SF:controllers\categorycontroller.js
FN:4,(anonymous_0)
FNF:1
FNH:0
FNDA:0,(anonymous_0)
DA:1,2
DA:5,0
DA:6,0
DA:7,0
DA:9,0
DA:14,2
LF:6
LH:2
BRF:0
BRH:0
end_of_record
TN:
SF:controllers\quizcontroller.js
FN:8,(anonymous_0)
FN:20,(anonymous_1)
FN:35,(anonymous_2)
FN:44,(anonymous_3)
FN:63,(anonymous_4)
FN:84,(anonymous_5)
FNF:6
FNH:3
FNDA:1,(anonymous_0)
FNDA:0,(anonymous_1)
FNDA:2,(anonymous_2)
FNDA:1,(anonymous_3)
FNDA:0,(anonymous_4)
FNDA:0,(anonymous_5)
DA:3,2
DA:4,2
DA:9,1
DA:10,1
DA:13,1
DA:17,0
DA:21,0
DA:22,0
DA:23,0
DA:30,0
DA:32,0
DA:36,2
DA:37,2
DA:38,2
DA:39,1
DA:41,1
DA:45,1
DA:46,1
DA:47,1
DA:48,1
DA:53,1
DA:54,0
DA:56,1
DA:60,0
DA:64,0
DA:65,0
DA:66,0
DA:73,0
DA:74,0
DA:77,0
DA:81,0
DA:85,0
DA:88,0
DA:89,0
DA:90,0
DA:91,0
DA:94,0
DA:107,0
DA:108,0
DA:109,0
DA:112,0
DA:116,0
DA:122,2
LF:43
LH:17
BRDA:53,0,0,0
BRDA:53,0,1,1
BRDA:73,1,0,0
BRDA:73,1,1,0
BRF:4
BRH:1
end_of_record
TN:
SF:controllers\usercontroller.js
FN:9,(anonymous_0)
FN:19,(anonymous_1)
FN:50,(anonymous_2)
FNF:3
FNH:2
FNDA:3,(anonymous_0)
FNDA:5,(anonymous_1)
FNDA:0,(anonymous_2)
DA:1,2
DA:2,2
DA:3,2
DA:4,2
DA:10,3
DA:11,3
DA:12,3
DA:13,1
DA:15,2
DA:20,5
DA:21,5
DA:22,5
DA:23,1
DA:26,4
DA:27,1
DA:30,3
DA:36,3
DA:37,1
DA:40,2
DA:41,2
DA:42,1
DA:44,1
DA:45,1
DA:47,4
DA:51,0
DA:52,0
DA:53,0
DA:55,0
DA:60,0
DA:61,0
DA:62,0
DA:64,0
DA:69,0
DA:70,0
DA:77,0
DA:78,0
DA:82,0
DA:83,0
DA:85,0
DA:91,2
LF:40
LH:25
BRDA:22,0,0,1
BRDA:22,0,1,4
BRDA:26,1,0,1
BRDA:26,1,1,3
BRDA:36,2,0,1
BRDA:36,2,1,2
BRDA:41,3,0,1
BRDA:41,3,1,1
BRDA:69,4,0,0
BRDA:69,4,1,0
BRDA:77,5,0,0
BRDA:77,5,1,0
BRF:12
BRH:8
end_of_record
TN:
SF:helpers\bcrypt.js
FN:5,HashPass
FN:10,ComparePass
FNF:2
FNH:2
FNDA:3,HashPass
FNDA:2,ComparePass
DA:1,2
DA:6,3
DA:7,3
DA:11,2
DA:15,2
LF:5
LH:5
BRF:0
BRH:0
end_of_record
TN:
SF:helpers\jwt.js
FN:6,SignToken
FN:11,VerifyToken
FNF:2
FNH:2
FNDA:2,SignToken
FNDA:9,VerifyToken
DA:1,2
DA:3,2
DA:7,2
DA:12,9
DA:16,2
LF:5
LH:5
BRF:0
BRH:0
end_of_record
TN:
SF:middlewares\authentication.js
FN:5,Authentication
FNF:1
FNH:1
FNDA:11,Authentication
DA:1,2
DA:2,2
DA:6,11
DA:7,11
DA:8,11
DA:9,2
DA:11,9
DA:12,9
DA:13,5
DA:15,5
DA:16,0
DA:18,5
DA:19,5
DA:21,6
DA:26,2
LF:15
LH:14
BRDA:8,0,0,2
BRDA:8,0,1,9
BRDA:15,1,0,0
BRDA:15,1,1,5
BRF:4
BRH:3
end_of_record
TN:
SF:middlewares\authorization.js
FN:3,Authorization
FNF:1
FNH:1
FNDA:2,Authorization
DA:1,2
DA:4,2
DA:5,2
DA:6,2
DA:7,2
DA:8,1
DA:10,1
DA:11,0
DA:13,1
DA:15,1
DA:20,2
LF:11
LH:10
BRDA:7,0,0,1
BRDA:7,0,1,1
BRDA:10,1,0,0
BRDA:10,1,1,1
BRF:4
BRH:3
end_of_record
TN:
SF:middlewares\errorhandler.js
FN:3,errorHandler
FNF:1
FNH:1
FNDA:14,errorHandler
DA:4,14
DA:5,14
DA:7,14
DA:8,1
DA:9,1
DA:10,13
DA:11,1
DA:12,1
DA:13,12
DA:14,2
DA:15,2
DA:17,10
DA:18,3
DA:19,3
DA:21,7
DA:22,0
DA:23,0
DA:25,7
DA:26,6
DA:27,6
DA:29,1
DA:30,0
DA:31,0
DA:33,1
DA:34,1
DA:35,1
DA:37,14
DA:43,2
LF:28
LH:24
BRDA:7,0,0,1
BRDA:7,0,1,13
BRDA:10,1,0,1
BRDA:10,1,1,12
BRDA:13,2,0,2
BRDA:13,2,1,10
BRDA:17,3,0,3
BRDA:17,3,1,7
BRDA:17,4,0,10
BRDA:17,4,1,7
BRDA:21,5,0,0
BRDA:21,5,1,7
BRDA:25,6,0,6
BRDA:25,6,1,1
BRDA:25,7,0,7
BRDA:25,7,1,5
BRDA:29,8,0,0
BRDA:29,8,1,1
BRDA:33,9,0,1
BRDA:33,9,1,0
BRF:20
BRH:17
end_of_record
TN:
SF:models\category.js
FN:5,(anonymous_0)
FN:12,(anonymous_1)
FNF:2
FNH:2
FNDA:2,(anonymous_0)
FNDA:2,(anonymous_1)
DA:4,2
DA:5,2
DA:14,2
DA:17,2
DA:23,2
LF:5
LH:5
BRF:0
BRH:0
end_of_record
TN:
SF:models\index.js
FN:21,(anonymous_0)
FN:29,(anonymous_1)
FN:34,(anonymous_2)
FNF:3
FNH:3
FNDA:8,(anonymous_0)
FNDA:6,(anonymous_1)
FNDA:6,(anonymous_2)
DA:3,2
DA:4,2
DA:5,2
DA:6,2
DA:7,2
DA:8,2
DA:9,2
DA:10,2
DA:13,2
DA:14,0
DA:16,2
DA:19,2
DA:22,8
DA:30,6
DA:31,6
DA:34,2
DA:35,6
DA:36,6
DA:40,2
DA:41,2
DA:43,2
LF:21
LH:20
BRDA:8,0,0,2
BRDA:8,0,1,0
BRDA:13,1,0,0
BRDA:13,1,1,2
BRDA:23,2,0,8
BRDA:23,2,1,8
BRDA:23,2,2,6
BRDA:23,2,3,6
BRDA:35,3,0,6
BRDA:35,3,1,0
BRF:10
BRH:7
end_of_record
TN:
SF:models\quiz.js
FN:5,(anonymous_0)
FN:12,(anonymous_1)
FNF:2
FNH:2
FNDA:2,(anonymous_0)
FNDA:2,(anonymous_1)
DA:4,2
DA:5,2
DA:14,2
DA:15,2
DA:18,2
DA:53,2
LF:6
LH:6
BRF:0
BRH:0
end_of_record
TN:
SF:models\user.js
FN:6,(anonymous_0)
FN:13,(anonymous_1)
FN:47,(anonymous_2)
FNF:3
FNH:3
FNDA:2,(anonymous_0)
FNDA:2,(anonymous_1)
FNDA:1,(anonymous_2)
DA:4,2
DA:5,2
DA:6,2
DA:15,2
DA:18,2
DA:48,1
DA:53,2
LF:7
LH:7
BRF:0
BRH:0
end_of_record
TN:
SF:routers\category.js
FNF:0
FNH:0
DA:1,2
DA:2,2
DA:3,2
DA:5,2
DA:9,2
LF:5
LH:5
BRF:0
BRH:0
end_of_record
TN:
SF:routers\index.js
FNF:0
FNH:0
DA:1,2
DA:2,2
DA:4,2
DA:6,2
DA:7,2
DA:8,2
DA:9,2
DA:11,2
LF:8
LH:8
BRF:0
BRH:0
end_of_record
TN:
SF:routers\quiz.js
FNF:0
FNH:0
DA:4,2
DA:5,2
DA:6,2
DA:7,2
DA:9,2
DA:10,2
DA:11,2
DA:12,2
DA:13,2
DA:14,2
DA:16,2
LF:11
LH:11
BRF:0
BRH:0
end_of_record
TN:
SF:routers\user.js
FNF:0
FNH:0
DA:3,2
DA:4,2
DA:6,2
DA:8,2
DA:9,2
DA:10,2
DA:11,2
LF:7
LH:7
BRF:0
BRH:0
end_of_record
